
*** Running vivado
    with args -log MAXONAR_processing_system7_0_0.vds -m64 -product Vivado -mode batch -messageDb vivado.pb -notrace -source MAXONAR_processing_system7_0_0.tcl


****** Vivado v2016.4 (64-bit)
  **** SW Build 1756540 on Mon Jan 23 19:11:23 MST 2017
  **** IP Build 1755317 on Mon Jan 23 20:30:07 MST 2017
    ** Copyright 1986-2016 Xilinx, Inc. All Rights Reserved.

source MAXONAR_processing_system7_0_0.tcl -notrace
Starting RTL Elaboration : Time (s): cpu = 00:00:11 ; elapsed = 00:00:18 . Memory (MB): peak = 329.875 ; gain = 119.430
INFO: [Synth 8-638] synthesizing module 'MAXONAR_processing_system7_0_0' [e:/zybo/PMOD_MAXSONAR/PMOD_MAXSONAR.srcs/sources_1/bd/MAXONAR/ip/MAXONAR_processing_system7_0_0/synth/MAXONAR_processing_system7_0_0.v:60]
INFO: [Synth 8-638] synthesizing module 'processing_system7_v5_5_processing_system7' [e:/zybo/PMOD_MAXSONAR/PMOD_MAXSONAR.srcs/sources_1/bd/MAXONAR/ip/MAXONAR_processing_system7_0_0/hdl/verilog/processing_system7_v5_5_processing_system7.v:161]
INFO: [Synth 8-638] synthesizing module 'BUFG' [C:/Xilinx/Vivado/2016.4/scripts/rt/data/unisim_comp.v:607]
INFO: [Synth 8-256] done synthesizing module 'BUFG' (1#1) [C:/Xilinx/Vivado/2016.4/scripts/rt/data/unisim_comp.v:607]
INFO: [Synth 8-638] synthesizing module 'BIBUF' [C:/Xilinx/Vivado/2016.4/scripts/rt/data/unisim_comp.v:268]
INFO: [Synth 8-256] done synthesizing module 'BIBUF' (2#1) [C:/Xilinx/Vivado/2016.4/scripts/rt/data/unisim_comp.v:268]
INFO: [Synth 8-638] synthesizing module 'PS7' [C:/Xilinx/Vivado/2016.4/scripts/rt/data/unisim_comp.v:33182]
INFO: [Synth 8-256] done synthesizing module 'PS7' (3#1) [C:/Xilinx/Vivado/2016.4/scripts/rt/data/unisim_comp.v:33182]
INFO: [Synth 8-256] done synthesizing module 'processing_system7_v5_5_processing_system7' (4#1) [e:/zybo/PMOD_MAXSONAR/PMOD_MAXSONAR.srcs/sources_1/bd/MAXONAR/ip/MAXONAR_processing_system7_0_0/hdl/verilog/processing_system7_v5_5_processing_system7.v:161]
INFO: [Synth 8-256] done synthesizing module 'MAXONAR_processing_system7_0_0' (5#1) [e:/zybo/PMOD_MAXSONAR/PMOD_MAXSONAR.srcs/sources_1/bd/MAXONAR/ip/MAXONAR_processing_system7_0_0/synth/MAXONAR_processing_system7_0_0.v:60]
Finished RTL Elaboration : Time (s): cpu = 00:00:12 ; elapsed = 00:00:20 . Memory (MB): peak = 367.074 ; gain = 156.629
Finished RTL Optimization Phase 1 : Time (s): cpu = 00:00:13 ; elapsed = 00:00:20 . Memory (MB): peak = 367.074 ; gain = 156.629
INFO: [Device 21-403] Loading part xc7z020clg400-1
Constraint Validation Runtime : Time (s): cpu = 00:00:00 ; elapsed = 00:00:00.037 . Memory (MB): peak = 609.891 ; gain = 0.000
Finished Constraint Validation : Time (s): cpu = 00:00:26 ; elapsed = 00:00:37 . Memory (MB): peak = 609.891 ; gain = 399.445
Finished Loading Part and Timing Information : Time (s): cpu = 00:00:26 ; elapsed = 00:00:37 . Memory (MB): peak = 609.891 ; gain = 399.445
Finished applying 'set_property' XDC Constraints : Time (s): cpu = 00:00:27 ; elapsed = 00:00:38 . Memory (MB): peak = 609.891 ; gain = 399.445
Finished RTL Optimization Phase 2 : Time (s): cpu = 00:00:28 ; elapsed = 00:00:39 . Memory (MB): peak = 609.891 ; gain = 399.445
Finished Cross Boundary and Area Optimization : Time (s): cpu = 00:00:28 ; elapsed = 00:00:40 . Memory (MB): peak = 609.891 ; gain = 399.445
Finished Applying XDC Timing Constraints : Time (s): cpu = 00:00:43 ; elapsed = 00:00:56 . Memory (MB): peak = 811.215 ; gain = 600.770
Finished Timing Optimization : Time (s): cpu = 00:00:43 ; elapsed = 00:00:56 . Memory (MB): peak = 828.242 ; gain = 617.797
Finished Technology Mapping : Time (s): cpu = 00:00:45 ; elapsed = 00:00:59 . Memory (MB): peak = 832.531 ; gain = 622.086
Finished IO Insertion : Time (s): cpu = 00:00:47 ; elapsed = 00:01:01 . Memory (MB): peak = 832.531 ; gain = 622.086
Finished Renaming Generated Instances : Time (s): cpu = 00:00:47 ; elapsed = 00:01:01 . Memory (MB): peak = 832.531 ; gain = 622.086
Finished Rebuilding User Hierarchy : Time (s): cpu = 00:00:47 ; elapsed = 00:01:01 . Memory (MB): peak = 832.531 ; gain = 622.086
Finished Renaming Generated Ports : Time (s): cpu = 00:00:47 ; elapsed = 00:01:01 . Memory (MB): peak = 832.531 ; gain = 622.086
Finished Handling Custom Attributes : Time (s): cpu = 00:00:48 ; elapsed = 00:01:01 . Memory (MB): peak = 832.531 ; gain = 622.086
Finished Renaming Generated Nets : Time (s): cpu = 00:00:48 ; elapsed = 00:01:01 . Memory (MB): peak = 832.531 ; gain = 622.086

Report Cell Usage: 
+------+------+------+
|      |Cell  |Count |
+------+------+------+
|1     |BIBUF |   130|
|2     |BUFG  |     1|
|3     |LUT1  |   112|
|4     |PS7   |     1|
+------+------+------+
Finished Writing Synthesis Report : Time (s): cpu = 00:00:48 ; elapsed = 00:01:01 . Memory (MB): peak = 832.531 ; gain = 622.086
synth_design: Time (s): cpu = 00:00:46 ; elapsed = 00:00:55 . Memory (MB): peak = 854.910 ; gain = 603.777
